<?xml version="1.0" encoding="UTF-8"?>
<testsuites>
  <testsuite name="fastlane.lanes">
    
    
    
      
      <testcase classname="fastlane.lanes" name="0: default_platform" time="0.0015955">
        
      </testcase>
    
      
      <testcase classname="fastlane.lanes" name="1: flutter clean" time="2.8015615">
        
      </testcase>
    
      
      <testcase classname="fastlane.lanes" name="2: flutter build apk --release" time="103.6372889">
        
          <failure message="C:/Users/Zayan/.local/share/gem/ruby/3.3.0/gems/fastlane-2.221.1/fastlane/lib/fastlane/actions/actions_helper.rb:67:in `execute_action&apos;&#10;C:/Users/Zayan/.local/share/gem/ruby/3.3.0/gems/fastlane-2.221.1/fastlane/lib/fastlane/fast_file.rb:222:in `sh&apos;&#10;C:/Users/Zayan/.local/share/gem/ruby/3.3.0/gems/fastlane-2.221.1/fastlane/lib/fastlane/fast_file.rb:216:in `sh&apos;&#10;Fastfile:8:in `block (2 levels) in parsing_binding&apos;&#10;C:/Users/Zayan/.local/share/gem/ruby/3.3.0/gems/fastlane-2.221.1/fastlane/lib/fastlane/lane.rb:41:in `call&apos;&#10;C:/Users/Zayan/.local/share/gem/ruby/3.3.0/gems/fastlane-2.221.1/fastlane/lib/fastlane/runner.rb:49:in `block in execute&apos;&#10;C:/Users/Zayan/.local/share/gem/ruby/3.3.0/gems/fastlane-2.221.1/fastlane/lib/fastlane/runner.rb:45:in `chdir&apos;&#10;C:/Users/Zayan/.local/share/gem/ruby/3.3.0/gems/fastlane-2.221.1/fastlane/lib/fastlane/runner.rb:45:in `execute&apos;&#10;C:/Users/Zayan/.local/share/gem/ruby/3.3.0/gems/fastlane-2.221.1/fastlane/lib/fastlane/lane_manager.rb:46:in `cruise_lane&apos;&#10;C:/Users/Zayan/.local/share/gem/ruby/3.3.0/gems/fastlane-2.221.1/fastlane/lib/fastlane/command_line_handler.rb:34:in `handle&apos;&#10;C:/Users/Zayan/.local/share/gem/ruby/3.3.0/gems/fastlane-2.221.1/fastlane/lib/fastlane/commands_generator.rb:110:in `block (2 levels) in run&apos;&#10;C:/Users/Zayan/.local/share/gem/ruby/3.3.0/gems/commander-4.6.0/lib/commander/command.rb:187:in `call&apos;&#10;C:/Users/Zayan/.local/share/gem/ruby/3.3.0/gems/commander-4.6.0/lib/commander/command.rb:157:in `run&apos;&#10;C:/Users/Zayan/.local/share/gem/ruby/3.3.0/gems/commander-4.6.0/lib/commander/runner.rb:444:in `run_active_command&apos;&#10;C:/Users/Zayan/.local/share/gem/ruby/3.3.0/gems/fastlane-2.221.1/fastlane_core/lib/fastlane_core/ui/fastlane_runner.rb:124:in `run!&apos;&#10;C:/Users/Zayan/.local/share/gem/ruby/3.3.0/gems/commander-4.6.0/lib/commander/delegates.rb:18:in `run!&apos;&#10;C:/Users/Zayan/.local/share/gem/ruby/3.3.0/gems/fastlane-2.221.1/fastlane/lib/fastlane/commands_generator.rb:363:in `run&apos;&#10;C:/Users/Zayan/.local/share/gem/ruby/3.3.0/gems/fastlane-2.221.1/fastlane/lib/fastlane/commands_generator.rb:43:in `start&apos;&#10;C:/Users/Zayan/.local/share/gem/ruby/3.3.0/gems/fastlane-2.221.1/fastlane/lib/fastlane/cli_tools_distributor.rb:123:in `take_off&apos;&#10;C:/Users/Zayan/.local/share/gem/ruby/3.3.0/gems/fastlane-2.221.1/bin/fastlane:23:in `&lt;top (required)&gt;&apos;&#10;C:/Users/Zayan/AppData/Local/Microsoft/WindowsApps/fastlane:32:in `load&apos;&#10;C:/Users/Zayan/AppData/Local/Microsoft/WindowsApps/fastlane:32:in `&lt;main&gt;&apos;&#10;&#10;Exit status of command &apos;flutter build apk --release&apos; was 1 instead of 0.&#10;Changing current working directory to: C:\Users\Zayan\StudioProjects\music&#10;Resolving dependencies...&#10;Downloading packages...&#10;  collection 1.18.0 (1.19.0 available)&#10;  http_parser 4.0.2 (4.1.0 available)&#10;  leak_tracker 10.0.4 (10.0.5 available)&#10;  leak_tracker_flutter_testing 3.0.3 (3.0.5 available)&#10;  material_color_utilities 0.8.0 (0.12.0 available)&#10;  meta 1.12.0 (1.15.0 available)&#10;  rxdart 0.27.7 (0.28.0 available)&#10;  string_scanner 1.2.0 (1.3.0 available)&#10;  test_api 0.7.0 (0.7.3 available)&#10;  vm_service 14.2.1 (14.2.4 available)&#10;  web 0.5.1 (1.0.0 available)&#10;Got dependencies!&#10;11 packages have newer versions incompatible with dependency constraints.&#10;Try `flutter pub outdated` for more information.&#10;&#10;Running Gradle task &apos;assembleRelease&apos;...                        &#10;Note: C:\Users\Zayan\AppData\Local\Pub\Cache\hosted\pub.dev\android_intent_plus-5.0.2\android\src\main\java\dev\fluttercommunity\plus\androidintent\MethodCallHandlerImpl.java uses unchecked or unsafe operations.&#10;Note: Recompile with -Xlint:unchecked for details.&#10;Font asset &quot;MaterialIcons-Regular.otf&quot; was tree-shaken, reducing it from 1645184 to 4292 bytes (99.7% reduction). Tree-shaking can be disabled by providing the --no-tree-shake-icons flag when building your app.&#10;&#10;FAILURE: Build failed with an exception.&#10;&#10;* What went wrong:&#10;Execution failed for task &apos;:app:checkReleaseDuplicateClasses&apos;.&#10;&gt; A failure occurred while executing com.android.build.gradle.internal.tasks.CheckDuplicatesRunnable&#10;   &gt; Duplicate class kotlin.collections.jdk8.CollectionsJDK8Kt found in modules jetified-kotlin-stdlib-1.8.22 (org.jetbrains.kotlin:kotlin-stdlib:1.8.22) and jetified-kotlin-stdlib-jdk8-1.7.10 (org.jetbrains.kotlin:kotlin-stdlib-jdk8:1.7.10)&#10;     Duplicate class kotlin.internal.jdk7.JDK7PlatformImplementations found in modules jetified-kotlin-stdlib-1.8.22 (org.jetbrains.kotlin:kotlin-stdlib:1.8.22) and jetified-kotlin-stdlib-jdk7-1.7.10 (org.jetbrains.kotlin:kotlin-stdlib-jdk7:1.7.10)&#10;     Duplicate class kotlin.internal.jdk7.JDK7PlatformImplementations$ReflectSdkVersion found in modules jetified-kotlin-stdlib-1.8.22 (org.jetbrains.kotlin:kotlin-stdlib:1.8.22) and jetified-kotlin-stdlib-jdk7-1.7.10 (org.jetbrains.kotlin:kotlin-stdlib-jdk7:1.7.10)&#10;     Duplicate class kotlin.internal.jdk8.JDK8PlatformImplementations found in modules jetified-kotlin-stdlib-1.8.22 (org.jetbrains.kotlin:kotlin-stdlib:1.8.22) and jetified-kotlin-stdlib-jdk8-1.7.10 (org.jetbrains.kotlin:kotlin-stdlib-jdk8:1.7.10)&#10;     Duplicate class kotlin.internal.jdk8.JDK8PlatformImplementations$ReflectSdkVersion found in modules jetified-kotlin-stdlib-1.8.22 (org.jetbrains.kotlin:kotlin-stdlib:1.8.22) and jetified-kotlin-stdlib-jdk8-1.7.10 (org.jetbrains.kotlin:kotlin-stdlib-jdk8:1.7.10)&#10;     Duplicate class kotlin.io.path.ExperimentalPathApi found in modules jetified-kotlin-stdlib-1.8.22 (org.jetbrains.kotlin:kotlin-stdlib:1.8.22) and jetified-kotlin-stdlib-jdk7-1.7.10 (org.jetbrains.kotlin:kotlin-stdlib-jdk7:1.7.10)&#10;     Duplicate class kotlin.io.path.PathRelativizer found in modules jetified-kotlin-stdlib-1.8.22 (org.jetbrains.kotlin:kotlin-stdlib:1.8.22) and jetified-kotlin-stdlib-jdk7-1.7.10 (org.jetbrains.kotlin:kotlin-stdlib-jdk7:1.7.10)&#10;     Duplicate class kotlin.io.path.PathsKt found in modules jetified-kotlin-stdlib-1.8.22 (org.jetbrains.kotlin:kotlin-stdlib:1.8.22) and jetified-kotlin-stdlib-jdk7-1.7.10 (org.jetbrains.kotlin:kotlin-stdlib-jdk7:1.7.10)&#10;     Duplicate class kotlin.io.path.PathsKt__PathReadWriteKt found in modules jetified-kotlin-stdlib-1.8.22 (org.jetbrains.kotlin:kotlin-stdlib:1.8.22) and jetified-kotlin-stdlib-jdk7-1.7.10 (org.jetbrains.kotlin:kotlin-stdlib-jdk7:1.7.10)&#10;     Duplicate class kotlin.io.path.PathsKt__PathUtilsKt found in modules jetified-kotlin-stdlib-1.8.22 (org.jetbrains.kotlin:kotlin-stdlib:1.8.22) and jetified-kotlin-stdlib-jdk7-1.7.10 (org.jetbrains.kotlin:kotlin-stdlib-jdk7:1.7.10)&#10;     Duplicate class kotlin.jdk7.AutoCloseableKt found in modules jetified-kotlin-stdlib-1.8.22 (org.jetbrains.kotlin:kotlin-stdlib:1.8.22) and jetified-kotlin-stdlib-jdk7-1.7.10 (org.jetbrains.kotlin:kotlin-stdlib-jdk7:1.7.10)&#10;     Duplicate class kotlin.jvm.jdk8.JvmRepeatableKt found in modules jetified-kotlin-stdlib-1.8.22 (org.jetbrains.kotlin:kotlin-stdlib:1.8.22) and jetified-kotlin-stdlib-jdk8-1.7.10 (org.jetbrains.kotlin:kotlin-stdlib-jdk8:1.7.10)&#10;     Duplicate class kotlin.jvm.optionals.OptionalsKt found in modules jetified-kotlin-stdlib-1.8.22 (org.jetbrains.kotlin:kotlin-stdlib:1.8.22) and jetified-kotlin-stdlib-jdk8-1.7.10 (org.jetbrains.kotlin:kotlin-stdlib-jdk8:1.7.10)&#10;     Duplicate class kotlin.random.jdk8.PlatformThreadLocalRandom found in modules jetified-kotlin-stdlib-1.8.22 (org.jetbrains.kotlin:kotlin-stdlib:1.8.22) and jetified-kotlin-stdlib-jdk8-1.7.10 (org.jetbrains.kotlin:kotlin-stdlib-jdk8:1.7.10)&#10;     Duplicate class kotlin.streams.jdk8.StreamsKt found in modules jetified-kotlin-stdlib-1.8.22 (org.jetbrains.kotlin:kotlin-stdlib:1.8.22) and jetified-kotlin-stdlib-jdk8-1.7.10 (org.jetbrains.kotlin:kotlin-stdlib-jdk8:1.7.10)&#10;     Duplicate class kotlin.streams.jdk8.StreamsKt$asSequence$$inlined$Sequence$1 found in modules jetified-kotlin-stdlib-1.8.22 (org.jetbrains.kotlin:kotlin-stdlib:1.8.22) and jetified-kotlin-stdlib-jdk8-1.7.10 (org.jetbrains.kotlin:kotlin-stdlib-jdk8:1.7.10)&#10;     Duplicate class kotlin.streams.jdk8.StreamsKt$asSequence$$inlined$Sequence$2 found in modules jetified-kotlin-stdlib-1.8.22 (org.jetbrains.kotlin:kotlin-stdlib:1.8.22) and jetified-kotlin-stdlib-jdk8-1.7.10 (org.jetbrains.kotlin:kotlin-stdlib-jdk8:1.7.10)&#10;     Duplicate class kotlin.streams.jdk8.StreamsKt$asSequence$$inlined$Sequence$3 found in modules jetified-kotlin-stdlib-1.8.22 (org.jetbrains.kotlin:kotlin-stdlib:1.8.22) and jetified-kotlin-stdlib-jdk8-1.7.10 (org.jetbrains.kotlin:kotlin-stdlib-jdk8:1.7.10)&#10;     Duplicate class kotlin.streams.jdk8.StreamsKt$asSequence$$inlined$Sequence$4 found in modules jetified-kotlin-stdlib-1.8.22 (org.jetbrains.kotlin:kotlin-stdlib:1.8.22) and jetified-kotlin-stdlib-jdk8-1.7.10 (org.jetbrains.kotlin:kotlin-stdlib-jdk8:1.7.10)&#10;     Duplicate class kotlin.text.jdk8.RegexExtensionsJDK8Kt found in modules jetified-kotlin-stdlib-1.8.22 (org.jetbrains.kotlin:kotlin-stdlib:1.8.22) and jetified-kotlin-stdlib-jdk8-1.7.10 (org.jetbrains.kotlin:kotlin-stdlib-jdk8:1.7.10)&#10;     Duplicate class kotlin.time.jdk8.DurationConversionsJDK8Kt found in modules jetified-kotlin-stdlib-1.8.22 (org.jetbrains.kotlin:kotlin-stdlib:1.8.22) and jetified-kotlin-stdlib-jdk8-1.7.10 (org.jetbrains.kotlin:kotlin-stdlib-jdk8:1.7.10)&#10;&#10;     Go to the documentation to learn how to &lt;a href=&quot;d.android.com/r/tools/classpath-sync-errors&quot;&gt;Fix dependency resolution errors&lt;/a&gt;.&#10;&#10;* Try:&#10;&gt; Run with --stacktrace option to get the stack trace.&#10;&gt; Run with --info or --debug option to get more log output.&#10;&gt; Run with --scan to get full insights.&#10;&#10;* Get more help at https://help.gradle.org&#10;&#10;BUILD FAILED in 1m 34s&#10;Running Gradle task &apos;assembleRelease&apos;...                           95.6s&#10;Gradle task assembleRelease failed with exit code 1&#10;" />
        
      </testcase>
    
  </testsuite>
</testsuites>
